05/02/2024 19:50:27 Connessione in corso interrotta forzatamente dall'host remoto
05/02/2024 19:50:29 Operazione di blocco interrotta da una chiamata a WSACancelBlockingCall
05/02/2024 19:56:03 [INFO] Server in ascolto
05/02/2024 19:56:05 [INFO] Client idclient connesso al server
29/04/2024 23:04:22 [INFO] Server in ascolto
29/04/2024 23:04:47 [INFO] Client Telefono connesso al server
29/04/2024 23:07:11 [INFO] Server in ascolto
29/04/2024 23:07:15 Operazione di blocco interrotta da una chiamata a WSACancelBlockingCall
29/04/2024 23:07:15 [INFO] Server disconnesso
29/04/2024 23:07:16 [INFO] Server in ascolto
29/04/2024 23:07:21 Operazione di blocco interrotta da una chiamata a WSACancelBlockingCall
29/04/2024 23:17:05 [INFO] Server in ascolto
29/04/2024 23:19:28 [INFO] Client Telefono connesso al server
29/04/2024 23:19:29 [INFO] Client Telefono riconnesso al server
29/04/2024 23:19:29 [INFO] Client Telefono riconnesso al server
29/04/2024 23:19:30 [INFO] Client Telefono riconnesso al server
29/04/2024 23:19:30 [INFO] Client Telefono riconnesso al server
29/04/2024 23:19:30 Connessione in corso interrotta forzatamente dall'host remoto
29/04/2024 23:19:30 Connessione in corso interrotta forzatamente dall'host remoto
29/04/2024 23:19:30 Connessione in corso interrotta forzatamente dall'host remoto
29/04/2024 23:25:04 [INFO] Server in ascolto
29/04/2024 23:25:14 [INFO] Client Telefono connesso al server
29/04/2024 23:25:15 Connessione in corso interrotta forzatamente dall'host remoto
29/04/2024 23:28:05 [INFO] Client Telefono riconnesso al server
29/04/2024 23:28:05 [INFO] Client Telefono ha inviato un messaggio
29/04/2024 23:28:06 Connessione in corso interrotta forzatamente dall'host remoto
29/04/2024 23:28:13 Operazione di blocco interrotta da una chiamata a WSACancelBlockingCall
29/04/2024 23:34:51 [INFO] Server in ascolto
29/04/2024 23:36:12 [INFO] Client Telefono connesso al server
29/04/2024 23:37:56 Connessione in corso interrotta forzatamente dall'host remoto
29/04/2024 23:42:06 [INFO] Client Telefono riconnesso al server
29/04/2024 23:42:15 [INFO] Client Telefono ha inviato un messaggio
29/04/2024 23:44:56 [INFO] Client Telefono ha inviato un messaggio
29/04/2024 23:48:55 [INFO] Server in ascolto
29/04/2024 23:49:30 [INFO] Client Telefono connesso al server
29/04/2024 23:50:54 [INFO] Server in ascolto
29/04/2024 23:50:56 [INFO] Client Telefono connesso al server
29/04/2024 23:52:11 [INFO] Server in ascolto
29/04/2024 23:52:12 [INFO] Client Telefono connesso al server
29/04/2024 23:53:18 Connessione in corso interrotta forzatamente dall'host remoto
29/04/2024 23:54:51 [INFO] Server in ascolto
29/04/2024 23:55:11 [INFO] Client Telefono connesso al server
29/04/2024 23:55:57 [INFO] Server in ascolto
29/04/2024 23:55:58 [INFO] Client Telefono connesso al server
29/04/2024 23:56:16 [INFO] Server in ascolto
29/04/2024 23:56:39 [INFO] Client Telefono connesso al server
29/04/2024 23:57:34 [INFO] Server in ascolto
29/04/2024 23:57:35 [INFO] Client Telefono connesso al server
29/04/2024 23:58:26 Operazione di blocco interrotta da una chiamata a WSACancelBlockingCall
30/04/2024 00:08:54 [INFO] Server in ascolto
30/04/2024 00:08:58 Operazione di blocco interrotta da una chiamata a WSACancelBlockingCall
30/04/2024 00:08:58 [INFO] Server disconnesso
22/05/2024 11:05:50 [INFO] Server in ascolto
22/05/2024 11:14:17 [INFO] Client Telefono connesso al server
22/05/2024 11:33:48 Operazione di blocco interrotta da una chiamata a WSACancelBlockingCall
22/05/2024 11:33:48 Connessione in corso interrotta forzatamente dall'host remoto
22/05/2024 11:33:48 [INFO] Server disconnesso
22/05/2024 11:36:03 [INFO] Server in ascolto
22/05/2024 11:36:07 [INFO] Client Telefono riconnesso al server
22/05/2024 11:36:07 [INFO] Client Telefono riconnesso al server
22/05/2024 11:36:07 [INFO] Client Telefono riconnesso al server
22/05/2024 11:36:10 Connessione in corso interrotta forzatamente dall'host remoto
22/05/2024 11:36:38 [INFO] Server in ascolto
22/05/2024 11:36:40 [INFO] Client Telefono connesso al server
22/05/2024 11:37:40 Connessione in corso interrotta forzatamente dall'host remoto
22/05/2024 11:38:11 [INFO] Client Telefono riconnesso al server
22/05/2024 11:38:58 Connessione in corso interrotta forzatamente dall'host remoto
22/05/2024 11:39:35 Operazione di blocco interrotta da una chiamata a WSACancelBlockingCall
22/05/2024 12:12:40 [INFO] Server in ascolto
22/05/2024 12:12:53 Authentication to host '127.0.0.1' for user 'root' using method 'mysql_native_password' failed with message: Unknown database 'nomedb'
22/05/2024 12:12:57 Authentication to host '127.0.0.1' for user 'root' using method 'mysql_native_password' failed with message: Unknown database 'nomedb'
22/05/2024 12:13:07 Authentication to host '127.0.0.1' for user 'root' using method 'mysql_native_password' failed with message: Unknown database 'nomedb'
22/05/2024 12:13:25 Authentication to host '127.0.0.1' for user 'root' using method 'mysql_native_password' failed with message: Unknown database 'nomedb'
22/05/2024 12:13:55 Authentication to host '127.0.0.1' for user 'root' using method 'mysql_native_password' failed with message: Unknown database 'nomedb'
22/05/2024 12:14:07 Authentication to host '127.0.0.1' for user 'root' using method 'mysql_native_password' failed with message: Unknown database 'nomedb'
22/05/2024 12:14:29 Authentication to host '127.0.0.1' for user 'root' using method 'mysql_native_password' failed with message: Unknown database 'nomedb'
22/05/2024 12:15:03 Authentication to host '127.0.0.1' for user 'root' using method 'mysql_native_password' failed with message: Unknown database 'nomedb'
22/05/2024 12:15:46 [INFO] Server in ascolto
22/05/2024 12:17:19 [INFO] Server in ascolto
22/05/2024 12:17:31 [INFO] Client GT037NE connesso al server
22/05/2024 12:17:45 There is already an open DataReader associated with this Connection which must be closed first.
22/05/2024 12:20:22 [INFO] Server in ascolto
22/05/2024 12:20:24 [INFO] Client GT037NE connesso al server
22/05/2024 12:22:03 [INFO] Server in ascolto
22/05/2024 12:22:05 [INFO] Client GT037NE connesso al server
22/05/2024 12:23:38 [INFO] Server in ascolto
22/05/2024 12:23:39 [INFO] Client GT037NE connesso al server
22/05/2024 12:24:44 [INFO] Server in ascolto
22/05/2024 12:25:28 [INFO] Client GT037NE connesso al server
22/05/2024 12:27:56 [INFO] Server in ascolto
22/05/2024 12:27:59 [INFO] Client GT037NE connesso al server
22/05/2024 12:30:37 [INFO] Server in ascolto
22/05/2024 12:30:44 [INFO] Client GT037NE connesso al server
22/05/2024 12:31:03 Duplicate entry '45-7' for key 'PRIMARY'
22/05/2024 12:33:23 [INFO] Server in ascolto
22/05/2024 12:33:24 [INFO] Client GT037NE connesso al server
22/05/2024 12:33:41 Operazione di blocco interrotta da una chiamata a WSACancelBlockingCall
22/05/2024 12:34:19 [INFO] Server in ascolto
22/05/2024 12:34:20 [INFO] Client GT037NE connesso al server
22/05/2024 12:35:11 [INFO] Server in ascolto
22/05/2024 12:35:13 [INFO] Client GT037NE connesso al server
22/05/2024 12:35:43 [INFO] Server in ascolto
22/05/2024 12:35:45 [INFO] Client GT037NE connesso al server
22/05/2024 12:37:39 [INFO] Server in ascolto
22/05/2024 12:37:45 [INFO] Client GT037NE connesso al server
